This is pdfTeX, Version 3.141592653-2.6-1.40.22 (TeX Live 2022/dev/Debian) (preloaded format=pdflatex 2024.3.25)  8 APR 2024 17:57
entering extended mode
 restricted \write18 enabled.
 %&-line parsing enabled.
**main.tex
(./main.tex
LaTeX2e <2021-11-15> patch level 1
L3 programming layer <2022-01-21>
(/usr/share/texlive/texmf-dist/tex/latex/base/article.cls
Document Class: article 2021/10/04 v1.4n Standard LaTeX document class
(/usr/share/texlive/texmf-dist/tex/latex/base/size10.clo
File: size10.clo 2021/10/04 v1.4n Standard LaTeX file (size option)
)
\c@part=\count185
\c@section=\count186
\c@subsection=\count187
\c@subsubsection=\count188
\c@paragraph=\count189
\c@subparagraph=\count190
\c@figure=\count191
\c@table=\count192
\abovecaptionskip=\skip47
\belowcaptionskip=\skip48
\bibindent=\dimen138
)
(/usr/share/texlive/texmf-dist/tex/latex/graphics/graphicx.sty
Package: graphicx 2021/09/16 v1.2d Enhanced LaTeX Graphics (DPC,SPQR)

(/usr/share/texlive/texmf-dist/tex/latex/graphics/keyval.sty
Package: keyval 2014/10/28 v1.15 key=value parser (DPC)
\KV@toks@=\toks16
)
(/usr/share/texlive/texmf-dist/tex/latex/graphics/graphics.sty
Package: graphics 2021/03/04 v1.4d Standard LaTeX Graphics (DPC,SPQR)

(/usr/share/texlive/texmf-dist/tex/latex/graphics/trig.sty
Package: trig 2021/08/11 v1.11 sin cos tan (DPC)
)
(/usr/share/texlive/texmf-dist/tex/latex/graphics-cfg/graphics.cfg
File: graphics.cfg 2016/06/04 v1.11 sample graphics configuration
)
Package graphics Info: Driver file: pdftex.def on input line 107.

(/usr/share/texlive/texmf-dist/tex/latex/graphics-def/pdftex.def
File: pdftex.def 2020/10/05 v1.2a Graphics/color driver for pdftex
))
\Gin@req@height=\dimen139
\Gin@req@width=\dimen140
)
(/usr/share/texlive/texmf-dist/tex/latex/pdfpages/pdfpages.sty
Package: pdfpages 2022/01/29 v0.5u Insert pages of external PDF documents (AM)

(/usr/share/texlive/texmf-dist/tex/latex/base/ifthen.sty
Package: ifthen 2020/11/24 v1.1c Standard LaTeX ifthen package (DPC)
)
(/usr/share/texlive/texmf-dist/tex/latex/tools/calc.sty
Package: calc 2017/05/25 v4.3 Infix arithmetic (KKT,FJ)
\calc@Acount=\count193
\calc@Bcount=\count194
\calc@Adimen=\dimen141
\calc@Bdimen=\dimen142
\calc@Askip=\skip49
\calc@Bskip=\skip50
LaTeX Info: Redefining \setlength on input line 80.
LaTeX Info: Redefining \addtolength on input line 81.
\calc@Ccount=\count195
\calc@Cskip=\skip51
)
(/usr/share/texlive/texmf-dist/tex/latex/eso-pic/eso-pic.sty
Package: eso-pic 2020/10/14 v3.0a eso-pic (RN)
\ESO@tempdima=\dimen143
\ESO@tempdimb=\dimen144

(/usr/share/texlive/texmf-dist/tex/latex/xcolor/xcolor.sty
Package: xcolor 2021/10/31 v2.13 LaTeX color extensions (UK)

(/usr/share/texlive/texmf-dist/tex/latex/graphics-cfg/color.cfg
File: color.cfg 2016/01/02 v1.6 sample color configuration
)
Package xcolor Info: Driver file: pdftex.def on input line 227.
Package xcolor Info: Model `cmy' substituted by `cmy0' on input line 1352.
Package xcolor Info: Model `hsb' substituted by `rgb' on input line 1356.
Package xcolor Info: Model `RGB' extended on input line 1368.
Package xcolor Info: Model `HTML' substituted by `rgb' on input line 1370.
Package xcolor Info: Model `Hsb' substituted by `hsb' on input line 1371.
Package xcolor Info: Model `tHsb' substituted by `hsb' on input line 1372.
Package xcolor Info: Model `HSB' substituted by `hsb' on input line 1373.
Package xcolor Info: Model `Gray' substituted by `gray' on input line 1374.
Package xcolor Info: Model `wave' substituted by `hsb' on input line 1375.
))
\AM@pagewidth=\dimen145
\AM@pageheight=\dimen146
\AM@fboxrule=\dimen147

(/usr/share/texlive/texmf-dist/tex/latex/pdfpages/pppdftex.def
File: pppdftex.def 2022/01/29 v0.5u Pdfpages driver for pdfTeX (AM)
)
\pdfpages@includegraphics@status=\count196
\AM@pagebox=\box50
\AM@global@opts=\toks17
\AM@pagecnt=\count197
\AM@toc@title=\toks18
\c@AM@survey=\count198
\AM@templatesizebox=\box51
)
(/usr/share/texlive/texmf-dist/tex/latex/amsfonts/amsfonts.sty
Package: amsfonts 2013/01/14 v3.01 Basic AMSFonts support
\@emptytoks=\toks19
\symAMSa=\mathgroup4
\symAMSb=\mathgroup5
LaTeX Font Info:    Redeclaring math symbol \hbar on input line 98.
LaTeX Font Info:    Overwriting math alphabet `\mathfrak' in version `bold'
(Font)                  U/euf/m/n --> U/euf/b/n on input line 106.
)
(/usr/share/texlive/texmf-dist/tex/latex/amsmath/amsmath.sty
Package: amsmath 2021/10/15 v2.17l AMS math features
\@mathmargin=\skip52

For additional information on amsmath, use the `?' option.
(/usr/share/texlive/texmf-dist/tex/latex/amsmath/amstext.sty
Package: amstext 2021/08/26 v2.01 AMS text

(/usr/share/texlive/texmf-dist/tex/latex/amsmath/amsgen.sty
File: amsgen.sty 1999/11/30 v2.0 generic functions
\@emptytoks=\toks20
\ex@=\dimen148
))
(/usr/share/texlive/texmf-dist/tex/latex/amsmath/amsbsy.sty
Package: amsbsy 1999/11/29 v1.2d Bold Symbols
\pmbraise@=\dimen149
)
(/usr/share/texlive/texmf-dist/tex/latex/amsmath/amsopn.sty
Package: amsopn 2021/08/26 v2.02 operator names
)
\inf@bad=\count199
LaTeX Info: Redefining \frac on input line 234.
\uproot@=\count266
\leftroot@=\count267
LaTeX Info: Redefining \overline on input line 399.
\classnum@=\count268
\DOTSCASE@=\count269
LaTeX Info: Redefining \ldots on input line 496.
LaTeX Info: Redefining \dots on input line 499.
LaTeX Info: Redefining \cdots on input line 620.
\Mathstrutbox@=\box52
\strutbox@=\box53
\big@size=\dimen150
LaTeX Font Info:    Redeclaring font encoding OML on input line 743.
LaTeX Font Info:    Redeclaring font encoding OMS on input line 744.
\macc@depth=\count270
\c@MaxMatrixCols=\count271
\dotsspace@=\muskip16
\c@parentequation=\count272
\dspbrk@lvl=\count273
\tag@help=\toks21
\row@=\count274
\column@=\count275
\maxfields@=\count276
\andhelp@=\toks22
\eqnshift@=\dimen151
\alignsep@=\dimen152
\tagshift@=\dimen153
\tagwidth@=\dimen154
\totwidth@=\dimen155
\lineht@=\dimen156
\@envbody=\toks23
\multlinegap=\skip53
\multlinetaggap=\skip54
\mathdisplay@stack=\toks24
LaTeX Info: Redefining \[ on input line 2938.
LaTeX Info: Redefining \] on input line 2939.
)
(/usr/share/texlive/texmf-dist/tex/latex/amsfonts/amssymb.sty
Package: amssymb 2013/01/14 v3.01 AMS font symbols
)
(/usr/share/texlive/texmf-dist/tex/latex/amscls/amsthm.sty
Package: amsthm 2020/05/29 v2.20.6
\thm@style=\toks25
\thm@bodyfont=\toks26
\thm@headfont=\toks27
\thm@notefont=\toks28
\thm@headpunct=\toks29
\thm@preskip=\skip55
\thm@postskip=\skip56
\thm@headsep=\skip57
\dth@everypar=\toks30
)
(/usr/share/texlive/texmf-dist/tex/latex/l3backend/l3backend-pdftex.def
File: l3backend-pdftex.def 2022-01-12 L3 backend support: PDF output (pdfTeX)
\l__color_backend_stack_int=\count277
\l__pdf_internal_box=\box54
)
(./main.aux)
\openout1 = `main.aux'.

LaTeX Font Info:    Checking defaults for OML/cmm/m/it on input line 11.
LaTeX Font Info:    ... okay on input line 11.
LaTeX Font Info:    Checking defaults for OMS/cmsy/m/n on input line 11.
LaTeX Font Info:    ... okay on input line 11.
LaTeX Font Info:    Checking defaults for OT1/cmr/m/n on input line 11.
LaTeX Font Info:    ... okay on input line 11.
LaTeX Font Info:    Checking defaults for T1/cmr/m/n on input line 11.
LaTeX Font Info:    ... okay on input line 11.
LaTeX Font Info:    Checking defaults for TS1/cmr/m/n on input line 11.
LaTeX Font Info:    ... okay on input line 11.
LaTeX Font Info:    Checking defaults for OMX/cmex/m/n on input line 11.
LaTeX Font Info:    ... okay on input line 11.
LaTeX Font Info:    Checking defaults for U/cmr/m/n on input line 11.
LaTeX Font Info:    ... okay on input line 11.
 (/usr/share/texlive/texmf-dist/tex/context/base/mkii/supp-pdf.mkii
[Loading MPS to PDF converter (version 2006.09.02).]
\scratchcounter=\count278
\scratchdimen=\dimen157
\scratchbox=\box55
\nofMPsegments=\count279
\nofMParguments=\count280
\everyMPshowfont=\toks31
\MPscratchCnt=\count281
\MPscratchDim=\dimen158
\MPnumerator=\count282
\makeMPintoPDFobject=\count283
\everyMPtoPDFconversion=\toks32
) (/usr/share/texlive/texmf-dist/tex/latex/epstopdf-pkg/epstopdf-base.sty
Package: epstopdf-base 2020-01-24 v2.11 Base part for package epstopdf
Package epstopdf-base Info: Redefining graphics rule for `.eps' on input line 4
85.

(/usr/share/texlive/texmf-dist/tex/latex/latexconfig/epstopdf-sys.cfg
File: epstopdf-sys.cfg 2010/07/13 v1.3 Configuration of (r)epstopdf for TeX Liv
e
))
(/usr/share/texlive/texmf-dist/tex/latex/pdflscape/pdflscape.sty
Package: pdflscape 2019/12/05 v0.12 Display of landscape pages in PDF (HO)

(/usr/share/texlive/texmf-dist/tex/generic/iftex/iftex.sty
Package: iftex 2020/03/06 v1.0d TeX engine tests
)
(/usr/share/texlive/texmf-dist/tex/latex/graphics/lscape.sty
Package: lscape 2020/05/28 v3.02 Landscape Pages (DPC)
)
Package pdflscape Info: Auto-detected driver: pdftex on input line 81.
)
LaTeX Font Info:    Trying to load font information for U+msa on input line 17.


(/usr/share/texlive/texmf-dist/tex/latex/amsfonts/umsa.fd
File: umsa.fd 2013/01/14 v3.01 AMS symbols A
)
LaTeX Font Info:    Trying to load font information for U+msb on input line 17.


(/usr/share/texlive/texmf-dist/tex/latex/amsfonts/umsb.fd
File: umsb.fd 2013/01/14 v3.01 AMS symbols B
)
LaTeX Font Info:    Trying to load font information for OMS+cmr on input line 3
3.

(/usr/share/texlive/texmf-dist/tex/latex/base/omscmr.fd
File: omscmr.fd 2019/12/16 v2.5j Standard LaTeX font definitions
)
LaTeX Font Info:    Font shape `OMS/cmr/m/n' in size <10> not available
(Font)              Font shape `OMS/cmsy/m/n' tried instead on input line 33.
 [1

{/var/lib/texmf/fonts/map/pdftex/updmap/pdftex.map}] [2]
Package epstopdf Info: Source file: <figs/fig1.eps>
(epstopdf)                    date: 2024-04-08 17:55:30
(epstopdf)                    size: 45960 bytes
(epstopdf)             Output file: <figs/fig1-eps-converted-to.pdf>
(epstopdf)                    date: 2024-04-08 17:57:26
(epstopdf)                    size: 17156 bytes
(epstopdf)             Command: <repstopdf --outfile=figs/fig1-eps-converted-to
.pdf figs/fig1.eps>
(epstopdf)             \includegraphics on input line 136.
Package epstopdf Info: Output file is already uptodate.
<figs/fig1-eps-converted-to.pdf, id=22, 421.575pt x 316.18124pt>
File: figs/fig1-eps-converted-to.pdf Graphic file (type pdf)
<use figs/fig1-eps-converted-to.pdf>
Package pdftex.def Info: figs/fig1-eps-converted-to.pdf  used on input line 136
.
(pdftex.def)             Requested size: 448.50105pt x 336.38077pt.

Overfull \hbox (103.50105pt too wide) in paragraph at lines 136--137
[][] 
 []

Package epstopdf Info: Source file: <figs/fig2.eps>
(epstopdf)                    date: 2024-04-08 17:55:30
(epstopdf)                    size: 39764 bytes
(epstopdf)             Output file: <figs/fig2-eps-converted-to.pdf>
(epstopdf)                    date: 2024-04-08 17:57:26
(epstopdf)                    size: 35159 bytes
(epstopdf)             Command: <repstopdf --outfile=figs/fig2-eps-converted-to
.pdf figs/fig2.eps>
(epstopdf)             \includegraphics on input line 144.
Package epstopdf Info: Output file is already uptodate.
<figs/fig2-eps-converted-to.pdf, id=23, 421.575pt x 316.18124pt>
File: figs/fig2-eps-converted-to.pdf Graphic file (type pdf)
<use figs/fig2-eps-converted-to.pdf>
Package pdftex.def Info: figs/fig2-eps-converted-to.pdf  used on input line 144
.
(pdftex.def)             Requested size: 517.5pt x 388.13351pt.

Overfull \hbox (172.5pt too wide) in paragraph at lines 144--145
 [][] 
 []

Package epstopdf Info: Source file: <figs/fig3.eps>
(epstopdf)                    date: 2024-04-08 17:55:30
(epstopdf)                    size: 23202 bytes
(epstopdf)             Output file: <figs/fig3-eps-converted-to.pdf>
(epstopdf)                    date: 2024-04-08 17:57:26
(epstopdf)                    size: 8263 bytes
(epstopdf)             Command: <repstopdf --outfile=figs/fig3-eps-converted-to
.pdf figs/fig3.eps>
(epstopdf)             \includegraphics on input line 153.
Package epstopdf Info: Output file is already uptodate.
<figs/fig3-eps-converted-to.pdf, id=24, 421.575pt x 316.18124pt>
File: figs/fig3-eps-converted-to.pdf Graphic file (type pdf)
<use figs/fig3-eps-converted-to.pdf>
Package pdftex.def Info: figs/fig3-eps-converted-to.pdf  used on input line 153
.
(pdftex.def)             Requested size: 426.79134pt x 320.09798pt.

Overfull \hbox (81.79134pt too wide) in paragraph at lines 153--154
[][] 
 []

[3] [4 <./figs/fig1-eps-converted-to.pdf>] [5 <./figs/fig2-eps-converted-to.pdf
>] [6 <./figs/fig3-eps-converted-to.pdf>]
Package epstopdf Info: Source file: <figs/fig4.eps>
(epstopdf)                    date: 2024-04-08 17:55:30
(epstopdf)                    size: 37770 bytes
(epstopdf)             Output file: <figs/fig4-eps-converted-to.pdf>
(epstopdf)                    date: 2024-04-08 17:57:26
(epstopdf)                    size: 13525 bytes
(epstopdf)             Command: <repstopdf --outfile=figs/fig4-eps-converted-to
.pdf figs/fig4.eps>
(epstopdf)             \includegraphics on input line 185.
Package epstopdf Info: Output file is already uptodate.
<figs/fig4-eps-converted-to.pdf, id=50, 421.575pt x 316.18124pt>
File: figs/fig4-eps-converted-to.pdf Graphic file (type pdf)
<use figs/fig4-eps-converted-to.pdf>
Package pdftex.def Info: figs/fig4-eps-converted-to.pdf  used on input line 185
.
(pdftex.def)             Requested size: 426.79134pt x 320.09798pt.

Overfull \hbox (81.79134pt too wide) in paragraph at lines 185--186
[][] 
 []

[7] [8 <./figs/fig4-eps-converted-to.pdf>]
Package epstopdf Info: Source file: <figs/fig5.eps>
(epstopdf)                    date: 2024-04-08 17:55:30
(epstopdf)                    size: 24617 bytes
(epstopdf)             Output file: <figs/fig5-eps-converted-to.pdf>
(epstopdf)                    date: 2024-04-08 17:57:26
(epstopdf)                    size: 8991 bytes
(epstopdf)             Command: <repstopdf --outfile=figs/fig5-eps-converted-to
.pdf figs/fig5.eps>
(epstopdf)             \includegraphics on input line 258.
Package epstopdf Info: Output file is already uptodate.
<figs/fig5-eps-converted-to.pdf, id=62, 421.575pt x 316.18124pt>
File: figs/fig5-eps-converted-to.pdf Graphic file (type pdf)
<use figs/fig5-eps-converted-to.pdf>
Package pdftex.def Info: figs/fig5-eps-converted-to.pdf  used on input line 258
.
(pdftex.def)             Requested size: 426.79134pt x 320.09798pt.

Overfull \hbox (81.79134pt too wide) in paragraph at lines 258--259
[][] 
 []

[9] [10 <./figs/fig5-eps-converted-to.pdf>]
Package epstopdf Info: Source file: <figs/fig6.eps>
(epstopdf)                    date: 2024-04-08 17:55:30
(epstopdf)                    size: 24605 bytes
(epstopdf)             Output file: <figs/fig6-eps-converted-to.pdf>
(epstopdf)                    date: 2024-04-08 17:57:27
(epstopdf)                    size: 9090 bytes
(epstopdf)             Command: <repstopdf --outfile=figs/fig6-eps-converted-to
.pdf figs/fig6.eps>
(epstopdf)             \includegraphics on input line 279.
Package epstopdf Info: Output file is already uptodate.
<figs/fig6-eps-converted-to.pdf, id=73, 421.575pt x 316.18124pt>
File: figs/fig6-eps-converted-to.pdf Graphic file (type pdf)
<use figs/fig6-eps-converted-to.pdf>
Package pdftex.def Info: figs/fig6-eps-converted-to.pdf  used on input line 279
.
(pdftex.def)             Requested size: 426.79134pt x 320.09798pt.

Overfull \hbox (81.79134pt too wide) in paragraph at lines 279--280
[][] 
 []

[11 <./figs/fig6-eps-converted-to.pdf>] (./main.aux) ) 
Here is how much of TeX's memory you used:
 4093 strings out of 478287
 61231 string characters out of 5849289
 361526 words of memory out of 5000000
 22238 multiletter control sequences out of 15000+600000
 477160 words of font info for 59 fonts, out of 8000000 for 9000
 1141 hyphenation exceptions out of 8191
 61i,12n,75p,523b,241s stack positions out of 5000i,500n,10000p,200000b,80000s
</usr/share/texlive/texmf
-dist/fonts/type1/public/amsfonts/cm/cmbx12.pfb></usr/share/texlive/texmf-dist/
fonts/type1/public/amsfonts/cm/cmex10.pfb></usr/share/texlive/texmf-dist/fonts/
type1/public/amsfonts/cm/cmmi10.pfb></usr/share/texlive/texmf-dist/fonts/type1/
public/amsfonts/cm/cmmi5.pfb></usr/share/texlive/texmf-dist/fonts/type1/public/
amsfonts/cm/cmmi7.pfb></usr/share/texlive/texmf-dist/fonts/type1/public/amsfont
s/cm/cmr10.pfb></usr/share/texlive/texmf-dist/fonts/type1/public/amsfonts/cm/cm
r12.pfb></usr/share/texlive/texmf-dist/fonts/type1/public/amsfonts/cm/cmr17.pfb
></usr/share/texlive/texmf-dist/fonts/type1/public/amsfonts/cm/cmr5.pfb></usr/s
hare/texlive/texmf-dist/fonts/type1/public/amsfonts/cm/cmr7.pfb></usr/share/tex
live/texmf-dist/fonts/type1/public/amsfonts/cm/cmsy10.pfb></usr/share/texlive/t
exmf-dist/fonts/type1/public/amsfonts/cm/cmsy5.pfb></usr/share/texlive/texmf-di
st/fonts/type1/public/amsfonts/cm/cmsy7.pfb></usr/share/texlive/texmf-dist/font
s/type1/public/amsfonts/cm/cmti10.pfb>
Output written on main.pdf (11 pages, 264655 bytes).
PDF statistics:
 140 PDF objects out of 1000 (max. 8388607)
 86 compressed objects within 1 object stream
 0 named destinations out of 1000 (max. 500000)
 31 words of extra memory for PDF output out of 10000 (max. 10000000)

